## [2018-10-22 10:33:43] Request ##############################

POST /feeds/addons?whoami=http%3A%2F%2Flocalhost%2Flitecart%2Fpublic_html%2Fen%2F&version=2.1.3 HTTP/1.1
Host: www.litecart.net
User-Agent: LiteCart/2.1.3
Content-Type: application/x-www-form-urlencoded
Content-Length: 162
Connection: Close

platform=LiteCart&version=2.1.3&name=My+Store&email=store%40email.com&language_code=en&country_code=CN&url=http%3A%2F%2Flocalhost%2Flitecart%2Fpublic_html%2Fen%2F

## [2018-10-22 10:33:45] Response — 7971 bytes transferred in 1.924 s ##############################

HTTP/1.1 200 OK
Date: Mon, 22 Oct 2018 02:33:46 GMT
Content-Type: text/plain; charset=UTF-8
Transfer-Encoding: chunked
Connection: close
Set-Cookie: __cfduid=d011ab00358e382baebc50b345bd62cd81540175625; expires=Tue, 22-Oct-19 02:33:45 GMT; path=/; domain=.litecart.net; HttpOnly
X-Powered-By: LiteCart HQ
Expires: Thu, 19 Nov 1981 08:52:00 GMT
Cache-Control: no-store, no-cache, must-revalidate
Pragma: no-cache
Content-Language: en
Set-Cookie: LCSESSID=a4595aedd3c50524061fa8a8f17ca25c; path=/
Set-Cookie: language_code=en; expires=Wed, 21-Nov-2018 02:33:45 GMT; Max-Age=2592000; path=/
Set-Cookie: cart[uid]=5bcd3709f1f44; expires=Tue, 22-Oct-2019 02:33:45 GMT; Max-Age=31536000; path=/
Set-Cookie: currency_code=USD; expires=Wed, 21-Nov-2018 02:33:45 GMT; Max-Age=2592000; path=/
Expect-CT: max-age=604800, report-uri="https://report-uri.cloudflare.com/cdn-cgi/beacon/expect-ct"
Server: cloudflare
CF-RAY: 46d88f990dff515e-SJC

<?xml version="1.0" encoding="utf-8" ?>
<rss version="2.0">
  <channel>
    <title>LiteCart Add-Ons</title>
    <link>http://www.litecart.net/?</link>
    <description></description>
    <language>en</language>
    <item>
      <title><![CDATA[ExchangeRatesAPI.io Currency U...]]></title>
      <link>https://www.litecart.net/addons/238/exchangeratesapi-io-currency-updater</link>
      <description><![CDATA[Automatically update your curr...]]></description>
      <category><![CDATA[Job Modules]]></category>
      <pubDate>Sun, 21 Oct 2018 01:07:01 +0000</pubDate>
    </item>
    <item>
      <title><![CDATA[Composer for LiteCart]]></title>
      <link>https://www.litecart.net/addons/255/composer-for-litecart</link>
      <description><![CDATA[PHP dependancy manager fit for...]]></description>
      <category><![CDATA[Core Features]]></category>
      <pubDate>Tue, 16 Oct 2018 18:34:19 +0000</pubDate>
    </item>
    <item>
      <title><![CDATA[PayPal Standard ]]></title>
      <link>https://www.litecart.net/addons/244/paypal-standard</link>
      <description><![CDATA[PayPal standard checkout modul...]]></description>
      <category><![CDATA[Payment Modules]]></category>
      <pubDate>Sat, 13 Oct 2018 10:43:01 +0000</pubDate>
    </item>
    <item>
      <title><![CDATA[Customer Discount]]></title>
      <link>https://www.litecart.net/addons/168/customer-discount</link>
      <description><![CDATA[Set percentage discount for an...]]></description>
      <category><![CDATA[Core Features]]></category>
      <pubDate>Thu, 04 Oct 2018 12:07:23 +0000</pubDate>
    </item>
    <item>
      <title><![CDATA[Stripe (Card Payment) - cipher...]]></title>
      <link>https://www.litecart.net/addons/251/stripe-card-payment-ciphercoin</link>
      <description><![CDATA[Card payment module for Stripe...]]></description>
      <category><![CDATA[Payment Modules]]></category>
      <pubDate>Sat, 29 Sep 2018 16:43:40 +0000</pubDate>
    </item>
    <item>
      <title><![CDATA[Related Products]]></title>
      <link>https://www.litecart.net/addons/210/related-products</link>
      <description><![CDATA[Display a box of related produ...]]></description>
      <category><![CDATA[Core Features]]></category>
      <pubDate>Thu, 27 Sep 2018 23:45:52 +0000</pubDate>
    </item>
    <item>
      <title><![CDATA[Pre-Order]]></title>
      <link>https://www.litecart.net/addons/253/pre-order</link>
      <description><![CDATA[Allow pre-orders for products]]></description>
      <category><![CDATA[Core Features]]></category>
      <pubDate>Thu, 27 Sep 2018 01:42:55 +0000</pubDate>
    </item>
    <item>
      <title><![CDATA[More  responsive cart]]></title>
      <link>https://www.litecart.net/addons/229/more-responsive-cart</link>
      <description><![CDATA[Responsive cart without horizo...]]></description>
      <category><![CDATA[Templates and Themes]]></category>
      <pubDate>Wed, 12 Sep 2018 14:50:54 +0000</pubDate>
    </item>
    <item>
      <title><![CDATA[Discount Codes]]></title>
      <link>https://www.litecart.net/addons/35/discount-codes</link>
      <description><![CDATA[Codes that leave a discount.]]></description>
      <category><![CDATA[Core Features]]></category>
      <pubDate>Tue, 11 Sep 2018 22:56:36 +0000</pubDate>
    </item>
    <item>
      <title><![CDATA[Monthly Sales By Product]]></title>
      <link>https://www.litecart.net/addons/109/monthly-sales-by-product</link>
      <description><![CDATA[A report of product monthly sa...]]></description>
      <category><![CDATA[Reports and Statistics]]></category>
      <pubDate>Mon, 10 Sep 2018 21:46:46 +0000</pubDate>
    </item>
    <item>
      <title><![CDATA[Nets Netaxept]]></title>
      <link>https://www.litecart.net/addons/252/nets-netaxept</link>
      <description><![CDATA[Payment module for Nets Netaxe...]]></description>
      <category><![CDATA[Payment Modules]]></category>
      <pubDate>Sun, 09 Sep 2018 01:53:36 +0000</pubDate>
    </item>
    <item>
      <title><![CDATA[Product Quantity Prices]]></title>
      <link>https://www.litecart.net/addons/54/product-quantity-prices</link>
      <description><![CDATA[Set unit price by quantity]]></description>
      <category><![CDATA[Core Features]]></category>
      <pubDate>Wed, 05 Sep 2018 12:44:21 +0000</pubDate>
    </item>
    <item>
      <title><![CDATA[Supplier Order Forwarding]]></title>
      <link>https://www.litecart.net/addons/82/supplier-order-forwarding</link>
      <description><![CDATA[A drop shipping solution]]></description>
      <category><![CDATA[Core Features]]></category>
      <pubDate>Wed, 05 Sep 2018 12:41:34 +0000</pubDate>
    </item>
    <item>
      <title><![CDATA[Featured Products]]></title>
      <link>https://www.litecart.net/addons/72/featured-products</link>
      <description><![CDATA[Display a box of manually sele...]]></description>
      <category><![CDATA[Boxes]]></category>
      <pubDate>Wed, 05 Sep 2018 12:37:31 +0000</pubDate>
    </item>
    <item>
      <title><![CDATA[Android Apps Build Free]]></title>
      <link>https://www.litecart.net/addons/141/android-apps-build-free</link>
      <description><![CDATA[Transform website to Android a...]]></description>
      <category><![CDATA[Other]]></category>
      <pubDate>Thu, 30 Aug 2018 07:51:28 +0000</pubDate>
    </item>
    <item>
      <title><![CDATA[Fortnox [SE]]]></title>
      <link>https://www.litecart.net/addons/249/fortnox</link>
      <description><![CDATA[Send orders to Fortnox straigh...]]></description>
      <category><![CDATA[Order Action Modules]]></category>
      <pubDate>Sun, 26 Aug 2018 20:22:48 +0000</pubDate>
    </item>
    <item>
      <title><![CDATA[LiqPay [UA]]]></title>
      <link>https://www.litecart.net/addons/248/liqpay</link>
      <description><![CDATA[LiqPay payment module]]></description>
      <category><![CDATA[Payment Modules]]></category>
      <pubDate>Thu, 23 Aug 2018 16:53:53 +0000</pubDate>
    </item>
    <item>
      <title><![CDATA[Nova Poshta [UA]]]></title>
      <link>https://www.litecart.net/addons/247/nova-poshta</link>
      <description><![CDATA[Ukrainian delivery service]]></description>
      <category><![CDATA[Shipping Modules]]></category>
      <pubDate>Thu, 23 Aug 2018 13:36:10 +0000</pubDate>
    </item>
    <item>
      <title><![CDATA[Ukrainian Language Pack [UA]]]></title>
      <link>https://www.litecart.net/addons/246/ukrainian-language-pack</link>
      <description><![CDATA[Ukrainian Language Pack]]></description>
      <category><![CDATA[Translations]]></category>
      <pubDate>Sun, 19 Aug 2018 13:11:26 +0000</pubDate>
    </item>
    <item>
      <title><![CDATA[Türkçe Çeviri - Turkish Tra... [TR]]]></title>
      <link>https://www.litecart.net/addons/245/turkce-ceviri-turkish-translation</link>
      <description><![CDATA[Turkish translations for LiteC...]]></description>
      <category><![CDATA[Translations]]></category>
      <pubDate>Thu, 19 Jul 2018 12:22:58 +0000</pubDate>
    </item>
  </channel>
</rss>


